<?xml version="1.0" encoding="UTF-8"?>
<!-- Generated by org.testng.reporters.JUnitXMLReporter -->
<testsuite hostname="ip-172-31-86-55" ignored="0" name="Command line test" tests="1" failures="0" timestamp="2021-09-05T04:39:12 UTC" time="0.238" errors="0">
  <testcase name="@BeforeTest beforetest" time="0.178" classname="test3.test3.App">
    <failure type="java.lang.IllegalStateException" message="The driver executable does not exist: /home/ubuntu/test/chromedriver">
      <![CDATA[java.lang.IllegalStateException: The driver executable does not exist: /home/ubuntu/test/chromedriver
at com.google.common.base.Preconditions.checkState(Preconditions.java:585)
at org.openqa.selenium.remote.service.DriverService.checkExecutable(DriverService.java:146)
at org.openqa.selenium.remote.service.DriverService.findExecutable(DriverService.java:141)
at org.openqa.selenium.chrome.ChromeDriverService.access$000(ChromeDriverService.java:35)
at org.openqa.selenium.chrome.ChromeDriverService$Builder.findDefaultExecutable(ChromeDriverService.java:159)
at org.openqa.selenium.remote.service.DriverService$Builder.build(DriverService.java:355)
at org.openqa.selenium.chrome.ChromeDriverService.createDefaultService(ChromeDriverService.java:94)
at org.openqa.selenium.chrome.ChromeDriver.<init>(ChromeDriver.java:157)
at test3.test3.App.beforetest(App.java:20)
at test3.test3.App.main(App.java:48)
at org.eclipse.jdt.internal.jarinjarloader.JarRsrcLoader.main(JarRsrcLoader.java:61)
... Removed 25 stack frames]]>
    </failure>
  </testcase> <!-- @BeforeTest beforetest -->
  <testcase name="@BeforeMethod open" time="-1.630816752048E9" classname="test3.test3.App">
    <skipped/>
  </testcase> <!-- @BeforeMethod open -->
  <testcase name="@AfterClass close" time="-1.63081675205E9" classname="test3.test3.App">
    <skipped/>
  </testcase> <!-- @AfterClass close -->
  <testcase name="test" time="0.0" classname="test3.test3.App">
    <skipped/>
  </testcase> <!-- test -->
</testsuite> <!-- Command line test -->
